# Synopsys Constraint Checker, version maplat, Build 1612R, built Dec  5 2016
# Copyright (C) 1994-2016 Synopsys, Inc. All rights reserved. This Synopsys software and all associated documentation are proprietary to Synopsys, Inc. and may only be used pursuant to the terms and conditions of a written license agreement with Synopsys, Inc. All other use, reproduction, modification, or distribution of the Synopsys software or the associated documentation is strictly prohibited.

# Written on Tue Aug 18 14:54:49 2020


##### DESIGN INFO #######################################################

Top View:                "top"
Constraint File(s):      (none)




##### SUMMARY ############################################################

Found 0 issues in 0 out of 0 constraints


##### DETAILS ############################################################



Clock Relationships
*******************

Starting                        Ending                          |     rise to rise     |     fall to fall     |     rise to fall     |     fall to rise                     
---------------------------------------------------------------------------------------------------------------------------------------------------------------------------
top|CLK                         top|CLK                         |     1000.000         |     1000.000         |     500.000          |     500.000                          
top|CLK                         top|testClock_derived_clock     |     1000.000         |     No paths         |     500.000          |     No paths                         
top|testClock_derived_clock     top|CLK                         |     1000.000         |     No paths         |     No paths         |     No paths                         
top|testClock_derived_clock     top|testClock_derived_clock     |     1000.000         |     1000.000         |     No paths         |     500.000                          
===========================================================================================================================================================================
 Note: 'No paths' indicates there are no paths in the design for that pair of clock edges.
       'Diff grp' indicates that paths exist but the starting clock and ending clock are in different clock groups.


Unconstrained Start/End Points
******************************

p:GPIO3
p:GPIO9
p:GPIO11
p:RX
p:TX


Inapplicable constraints
************************

(none)


Applicable constraints with issues
**********************************

(none)


Constraints with matching wildcard expressions
**********************************************

(none)


Library Report
**************


# End of Constraint Checker Report
