---------------------------------------
Resource Usage Report for top 

Mapping to part: ice40hx8kct256
Cell usage:
GND             2 uses
SB_CARRY        161 uses
SB_DFF          46 uses
SB_DFFE         44 uses
SB_DFFESR       1 use
SB_DFFN         16 uses
SB_DFFNE        16 uses
VCC             2 uses
SB_LUT4         408 uses

I/O ports: 9
I/O primitives: 9
SB_GB_IO       1 use
SB_IO          8 uses

I/O Register bits:                  0
Register bits not including I/Os:   123 (1%)

@S |Mapping Summary:
Total  LUTs: 408 (5%)

Distribution of All Consumed LUTs = LUT4 
Distribution of All Consumed Luts 408 = 408 

