Running in Lattice mode


Starting:    D:\1_FPGA_Design\Lattice\iCEcube2.2017\synpbase\bin64\mbin\synbatch.exe
Install:     D:\1_FPGA_Design\Lattice\iCEcube2.2017\synpbase
Hostname:    GBPC
Date:        Sun Sep 27 03:02:14 2020
Version:     L-2016.09L+ice40

Arguments:   -product synplify_pro -batch MULT_syn.prj
ProductType: synplify_pro





log file: "D:\LinuxEnv\Cygwin\home\corvus\testbenches\REG\icecube\MULT\MULT_Implmnt\MULT.srr"
Running: MULT_Implmnt in foreground

Running MULT_syn|MULT_Implmnt

Running: compile (Compile) on MULT_syn|MULT_Implmnt
# Sun Sep 27 03:02:14 2020

Running: compile_flow (Compile Process) on MULT_syn|MULT_Implmnt
# Sun Sep 27 03:02:14 2020

Running: compiler (Compile Input) on MULT_syn|MULT_Implmnt
# Sun Sep 27 03:02:14 2020
Copied D:\LinuxEnv\Cygwin\home\corvus\testbenches\REG\icecube\MULT\MULT_Implmnt\synwork\MULT_comp.srs to D:\LinuxEnv\Cygwin\home\corvus\testbenches\REG\icecube\MULT\MULT_Implmnt\MULT.srs

compiler completed
# Sun Sep 27 03:02:20 2020

Return Code: 0
Run Time:00h:00m:06s

Running: multi_srs_gen (Multi-srs Generator) on MULT_syn|MULT_Implmnt
# Sun Sep 27 03:02:20 2020

multi_srs_gen completed
# Sun Sep 27 03:02:21 2020

Return Code: 0
Run Time:00h:00m:01s
Copied D:\LinuxEnv\Cygwin\home\corvus\testbenches\REG\icecube\MULT\MULT_Implmnt\synwork\MULT_mult.srs to D:\LinuxEnv\Cygwin\home\corvus\testbenches\REG\icecube\MULT\MULT_Implmnt\MULT.srs
Complete: Compile Process on MULT_syn|MULT_Implmnt

Running: premap (Pre-mapping) on MULT_syn|MULT_Implmnt
# Sun Sep 27 03:02:21 2020

premap completed with warnings
# Sun Sep 27 03:02:22 2020

Return Code: 1
Run Time:00h:00m:01s
Complete: Compile on MULT_syn|MULT_Implmnt

Running: map (Map) on MULT_syn|MULT_Implmnt
# Sun Sep 27 03:02:22 2020
License granted for 4 parallel jobs

Running: fpga_mapper (Map & Optimize) on MULT_syn|MULT_Implmnt
# Sun Sep 27 03:02:22 2020
Copied D:\LinuxEnv\Cygwin\home\corvus\testbenches\REG\icecube\MULT\MULT_Implmnt\synwork\MULT_m.srm to D:\LinuxEnv\Cygwin\home\corvus\testbenches\REG\icecube\MULT\MULT_Implmnt\MULT.srm

fpga_mapper completed with warnings
# Sun Sep 27 03:02:34 2020

Return Code: 1
Run Time:00h:00m:12s
Complete: Map on MULT_syn|MULT_Implmnt
Complete: Logic Synthesis on MULT_syn|MULT_Implmnt

exit status=0

exit status=0

