* ******************************************************************************

* iCEcube Placer

* Version:            2017.08.27940

* Build Date:         Sep 11 2017 17:12:22

* File Generated:     Sep 27 2020 03:03:34

* Purpose:            

* Copyright (C) 2006-2010 by Lattice Semiconductor Corp. All rights reserved.

* ******************************************************************************

Executing : D:\1_FPGA_Design\Lattice\iCEcube2.2017\sbt_backend\bin\win32\opt\sbtplacer.exe --des-lib D:/LinuxEnv/Cygwin/home/corvus/testbenches/REG/icecube/MULT/MULT_Implmnt\sbt\netlist\oadb-top --outdir D:/LinuxEnv/Cygwin/home/corvus/testbenches/REG/icecube/MULT/MULT_Implmnt\sbt\outputs\placer --device-file D:\1_FPGA_Design\Lattice\iCEcube2.2017\sbt_backend\devices\ICE40P08.dev --package CT256 --deviceMarketName iCE40HX8K --sdc-file D:/LinuxEnv/Cygwin/home/corvus/testbenches/REG/icecube/MULT/MULT_Implmnt\sbt\Temp/sbt_temp.sdc --lib-file D:\1_FPGA_Design\Lattice\iCEcube2.2017\sbt_backend\devices\ice40HX8K.lib --effort_level std --out-sdc-file D:/LinuxEnv/Cygwin/home/corvus/testbenches/REG/icecube/MULT/MULT_Implmnt\sbt\outputs\placer\top_pl.sdc
I2004: Option and Settings Summary
=============================================================
Device file          - D:\1_FPGA_Design\Lattice\iCEcube2.2017\sbt_backend\devices\ICE40P08.dev
Package              - CT256
Design database      - D:/LinuxEnv/Cygwin/home/corvus/testbenches/REG/icecube/MULT/MULT_Implmnt\sbt\netlist\oadb-top
SDC file             - D:/LinuxEnv/Cygwin/home/corvus/testbenches/REG/icecube/MULT/MULT_Implmnt\sbt\Temp/sbt_temp.sdc
Output directory     - D:/LinuxEnv/Cygwin/home/corvus/testbenches/REG/icecube/MULT/MULT_Implmnt\sbt\outputs\placer
Timing library       - D:\1_FPGA_Design\Lattice\iCEcube2.2017\sbt_backend\devices\ice40HX8K.lib
Effort level         - std

I2050: Starting reading inputs for placer
=============================================================
I2100: Reading design library: D:/LinuxEnv/Cygwin/home/corvus/testbenches/REG/icecube/MULT/MULT_Implmnt\sbt\netlist\oadb-top/BFPGA_DESIGN_ep
I2065: Reading device file : D:\1_FPGA_Design\Lattice\iCEcube2.2017\sbt_backend\devices\ICE40P08.dev
I2051: Reading of inputs for placer completed successfully

I2053: Starting placement of the design
=============================================================
W2715: Warning for set_io Constraint: Ignoring pin assignment for RX, as it is not connected to any PAD

Input Design Statistics
    Number of LUTs      	:	1653
    Number of DFFs      	:	345
    Number of DFFs packed to IO	:	0
    Number of Carrys    	:	205
    Number of RAMs      	:	1
    Number of ROMs      	:	4
    Number of IOs       	:	110
    Number of GBIOs     	:	1
    Number of GBs       	:	0
    Number of WarmBoot  	:	0
    Number of PLLs      	:	0


Phase 1
I2077: Start design legalization

Design Legalization Statistics
    Number of feedthru LUTs inserted to legalize input of DFFs     	:	48
    Number of feedthru LUTs inserted for LUTs driving multiple DFFs	:	30
    Number of LUTs replicated for LUTs driving multiple DFFs       	:	156
    Number of feedthru LUTs inserted to legalize output of CARRYs  	:	5
    Number of feedthru LUTs inserted to legalize global signals    	:	0
    Number of feedthru CARRYs inserted to legalize input of CARRYs 	:	1
    Number of inserted LUTs to Legalize IOs with PIN_TYPE= 01xxxx  	:	0
    Number of inserted LUTs to Legalize IOs with PIN_TYPE= 10xxxx  	:	0
    Number of inserted LUTs to Legalize IOs with PIN_TYPE= 11xxxx  	:	0
    Total LUTs inserted                                            	:	239
    Total CARRYs inserted                                          	:	1


I2078: Design legalization is completed successfully
I2088: Phase 1, elapsed time : 0.0 (sec)


Phase 2
I2088: Phase 2, elapsed time : 0.1 (sec)

Phase 3

Design Statistics after Packing
    Number of LUTs      	:	1894
    Number of DFFs      	:	345
    Number of DFFs packed to IO	:	0
    Number of Carrys    	:	206

Device Utilization Summary after Packing
    Sequential LogicCells
        LUT and DFF      	:	322
        LUT, DFF and CARRY	:	23
    Combinational LogicCells
        Only LUT         	:	1396
        CARRY Only       	:	30
        LUT with CARRY   	:	153
    LogicCells                  :	1924/7680
    PLBs                        :	265/960
    BRAMs                       :	5/32
    IOs and GBIOs               :	111/206
    PLLs                        :	0/2


I2088: Phase 3, elapsed time : 3.1 (sec)

Phase 4
I2088: Phase 4, elapsed time : 0.3 (sec)

Phase 5
I2088: Phase 5, elapsed time : 9.5 (sec)

Phase 6
I2088: Phase 6, elapsed time : 72.0 (sec)

Final Design Statistics
    Number of LUTs      	:	1894
    Number of DFFs      	:	345
    Number of DFFs packed to IO	:	0
    Number of Carrys    	:	206
    Number of RAMs      	:	1
    Number of ROMs      	:	4
    Number of IOs       	:	110
    Number of GBIOs     	:	1
    Number of GBs       	:	0
    Number of WarmBoot  	:	0
    Number of PLLs      	:	0

Device Utilization Summary
    LogicCells                  :	1924/7680
    PLBs                        :	292/960
    BRAMs                       :	5/32
    IOs and GBIOs               :	111/206
    PLLs                        :	0/2



#####################################################################
Placement Timing Summary

The timing summary is based on estimated routing delays after
placement. For final timing report, please carry out the timing
analysis after routing.
=====================================================================

#####################################################################
                     Clock Summary 
=====================================================================
Number of clocks: 1
Clock: top|CLK | Frequency: 20.89 MHz | Target: 40.65 MHz

=====================================================================
                     End of Clock Summary
#####################################################################

I2054: Placement of design completed successfully

I2076: Placer run-time: 85.9 sec.

