* ******************************************************************************

* iCEcube Packer

* Version:            2017.08.27940

* Build Date:         Sep 11 2017 16:52:36

* File Generated:     Sep 27 2020 03:05:03

* Purpose:            General info of design implementation

* Copyright (C) 2006-2010 by Lattice Semiconductor Corp. All rights reserved.

* ******************************************************************************

Command Line: D:\1_FPGA_Design\Lattice\iCEcube2.2017\sbt_backend\bin\win32\opt\packer.exe  D:\1_FPGA_Design\Lattice\iCEcube2.2017\sbt_backend\devices\ICE40P08.dev  D:/LinuxEnv/Cygwin/home/corvus/testbenches/REG/icecube/MULT/MULT_Implmnt\sbt\netlist\oadb-top  --package  CT256  --outdir  D:/LinuxEnv/Cygwin/home/corvus/testbenches/REG/icecube/MULT/MULT_Implmnt\sbt\outputs\packer  --translator  D:\1_FPGA_Design\Lattice\iCEcube2.2017\sbt_backend\bin\sdc_translator.tcl  --src_sdc_file  D:/LinuxEnv/Cygwin/home/corvus/testbenches/REG/icecube/MULT/MULT_Implmnt\sbt\outputs\placer\top_pl.sdc  --dst_sdc_file  D:/LinuxEnv/Cygwin/home/corvus/testbenches/REG/icecube/MULT/MULT_Implmnt\sbt\outputs\packer\top_pk.sdc  --devicename  iCE40HX8K  

***** Device Info *****
Chip: iCE40HX8K
Package: CT256
Size: 32 X 32

***** Design Utilization Info *****
Design: top
Used Logic Cell: 1924/7680
Used Logic Tile: 292/960
Used IO Cell:    111/256
Used Bram Cell For iCE40: 5/32
Used PLL For iCE40: 0/2
Ram Cascading Used: 1
Lut Cascading Used: 1

***** Clock Info *****
Clock Domain: CLK_c_g
Clock Source: clk 
Clock Driver: CLK_ibuf_gb_io (ICE_GB_IO)
Driver Position: (16, 0, 1)
Fanout to FF: 354
Fanout to Tile: 151


***** Placement Info *****
Logic cell utilization per tile
    . . . . + . . . . 1 . . . . + . . . . 2 . . . . + . . . . 3 . . . . 
   --------------------------------------------------------------------
33|                                                                     
32|   0 0 0 0 0 0 0 0 0 0 0 0 0 0 0 0 0 0 0 0 0 0 0 0 0 0 0 0 0 0 0 0   
31|   0 0 0 0 0 0 0 0 0 0 0 0 0 0 0 0 0 0 0 0 0 0 0 0 0 0 0 0 0 0 0 0   
30|   0 0 0 0 0 0 0 0 0 0 0 0 0 0 0 0 0 0 0 0 0 0 0 0 0 0 0 0 0 0 0 0   
29|   0 0 0 0 0 0 0 0 0 0 0 0 0 0 0 0 0 0 0 0 0 0 0 0 0 0 0 0 0 0 0 0   
28|   0 0 0 0 0 0 0 0 0 0 0 0 0 0 0 0 0 0 0 0 0 0 0 0 0 0 0 0 0 0 0 0   
27|   0 0 0 0 0 0 0 0 0 0 0 0 0 0 0 0 0 0 0 0 0 0 0 0 0 0 0 0 0 0 0 0   
26|   0 0 0 0 0 0 0 0 0 0 0 0 1 0 0 3 0 0 0 0 0 0 0 0 0 0 0 0 0 0 0 0   
25|   0 0 0 0 0 0 0 0 8 2 2 3 2 5 0 0 1 2 8 7 0 1 0 0 0 0 0 0 0 0 0 0   
24|   0 0 0 0 0 0 0 0 2 3 8 7 6 4 8 7 8 8 8 7 8 8 8 0 0 0 0 0 0 0 0 0   
23|   0 0 0 0 0 0 2 0 7 7 8 8 7 8 8 8 7 8 8 8 8 8 8 8 0 0 0 0 0 0 0 0   
22|   0 0 0 0 0 0 0 0 6 7 8 6 7 6 8 8 8 8 8 8 8 8 8 8 0 0 0 0 0 0 0 0   
21|   0 0 0 0 0 0 0 0 7 8 8 6 8 8 6 7 8 8 8 7 8 8 8 8 0 0 0 0 0 0 0 0   
20|   1 0 1 0 1 0 1 0 6 8 8 8 8 7 7 8 7 8 8 8 8 8 8 6 0 0 0 0 0 0 0 0   
19|   8 0 0 0 0 0 1 0 8 8 8 7 8 7 6 7 8 8 6 7 8 7 8 8 0 7 0 0 0 0 0 0   
18|   8 0 0 0 0 0 1 0 4 8 7 8 8 8 6 8 6 6 7 8 7 8 6 1 0 1 0 0 0 0 0 0   
17|   8 0 0 0 0 0 0 0 6 8 7 7 6 7 8 6 7 8 8 6 8 6 7 1 0 4 0 0 0 0 0 0   
16|   0 0 0 0 0 0 0 0 7 7 8 7 8 8 6 6 7 8 6 7 6 8 5 8 0 2 0 0 0 0 0 0   
15|   0 0 0 0 0 0 0 0 8 7 6 6 8 6 6 7 8 8 8 8 6 7 8 8 0 0 0 0 0 0 0 0   
14|   0 0 0 0 0 0 0 0 8 8 6 7 5 8 8 7 7 8 8 6 8 8 8 1 0 0 0 0 0 0 0 0   
13|   0 0 0 0 0 0 0 0 4 7 7 6 8 7 8 8 7 8 7 8 6 6 7 8 0 0 0 0 0 0 0 0   
12|   0 0 0 0 0 0 0 0 8 8 8 8 7 6 7 7 8 7 6 6 6 3 8 0 0 0 0 0 0 0 0 0   
11|   0 0 0 0 0 0 0 0 8 7 7 8 8 7 7 7 8 7 7 8 7 3 3 3 0 0 0 0 0 0 0 0   
10|   0 0 0 0 0 0 0 0 2 6 8 7 7 8 6 5 8 7 7 6 1 8 7 3 0 0 0 0 0 0 0 0   
 9|   0 0 0 0 0 0 0 0 8 0 6 7 8 6 8 8 6 6 7 8 8 6 4 0 0 0 0 0 0 0 0 0   
 8|   0 0 0 0 0 0 0 0 0 0 1 4 7 8 5 4 6 6 7 0 0 0 8 0 0 0 0 0 0 0 0 0   
 7|   0 0 0 0 0 0 0 0 0 0 0 1 1 0 0 0 0 0 0 0 0 0 8 0 0 0 0 0 0 0 0 0   
 6|   0 0 0 0 0 0 0 0 0 0 0 0 0 0 0 0 0 0 0 0 0 0 0 0 0 0 0 0 0 0 0 0   
 5|   0 0 0 0 0 0 0 0 0 0 0 0 0 0 0 0 0 0 0 0 0 0 0 0 0 0 0 0 0 0 0 0   
 4|   0 0 0 0 0 0 0 0 0 0 0 0 0 0 0 0 0 0 0 0 0 0 0 0 0 0 0 0 0 0 0 0   
 3|   0 0 0 0 0 0 0 0 0 0 0 0 0 0 0 0 0 0 0 0 0 0 0 0 0 0 0 0 0 0 0 0   
 2|   0 0 0 0 0 0 0 0 0 0 0 0 0 0 0 0 0 0 0 0 0 0 0 0 0 0 0 0 0 0 0 0   
 1|   0 0 0 0 0 0 0 0 0 0 0 0 0 0 0 0 0 0 0 0 0 0 0 0 0 0 0 0 0 0 0 0   
 0|                                                                     

Maximum number of Logic cells per logic tile: 8
Average number of Logic cells per logic tile: 6.59

***** Input Pin Density Info *****
Number of input nets per logic tile
     .  .  .  .  +  .  .  .  .  1  .  .  .  .  +  .  .  .  .  2  .  .  .  .  +  .  .  .  .  3  .  .  .  . 
   ------------------------------------------------------------------------------------------------------
33|                                                                                                       
32|     0  0  0  0  0  0  0  0  0  0  0  0  0  0  0  0  0  0  0  0  0  0  0  0  0  0  0  0  0  0  0  0    
31|     0  0  0  0  0  0  0  0  0  0  0  0  0  0  0  0  0  0  0  0  0  0  0  0  0  0  0  0  0  0  0  0    
30|     0  0  0  0  0  0  0  0  0  0  0  0  0  0  0  0  0  0  0  0  0  0  0  0  0  0  0  0  0  0  0  0    
29|     0  0  0  0  0  0  0  0  0  0  0  0  0  0  0  0  0  0  0  0  0  0  0  0  0  0  0  0  0  0  0  0    
28|     0  0  0  0  0  0  0  0  0  0  0  0  0  0  0  0  0  0  0  0  0  0  0  0  0  0  0  0  0  0  0  0    
27|     0  0  0  0  0  0  0  0  0  0  0  0  0  0  0  0  0  0  0  0  0  0  0  0  0  0  0  0  0  0  0  0    
26|     0  0  0  0  0  0  0  0  0  0  0  0  4  0  0 11  0  0  0  0  0  0  0  0  0  0  0  0  0  0  0  0    
25|     0  0  0  0  0  0  0  0 16  2  2  7  5  5  0  0  4  8 18 10  0  1  0  0  0  0  0  0  0  0  0  0    
24|     0  0  0  0  0  0  0  0  2  3 18 14 17  6 18 13 16 18 16 16 19 16 18  0  0  0  0  0  0  0  0  0    
23|     0  0  0  0  0  0  4  0 20 11 16 17 18 18 20 16 18 19 17 11 18 17 17 22  0  0  0  0  0  0  0  0    
22|     0  0  0  0  0  0  0  0 20 22 16 20 13 14 16 22 21 17 20 16 16 18 14 18  0  0  0  0  0  0  0  0    
21|     0  0  0  0  0  0  0  0 16 18 15 19 16 17 19 18 17 18 15 13 14 12 19 16  0  0  0  0  0  0  0  0    
20|     1  0  2  0  4  0  4  0 14  8 20 22 18 18 19 15 16 19 15 14 12 15 17 15  0  0  0  0  0  0  0  0    
19|    16  0  0  0  0  0  2  0 18 17 21 16 18 20 20 18 17 20 18 17 12 15 17 20  0 20  0  0  0  0  0  0    
18|    16  0  0  0  0  0  4  0  4 17 21 14 18 20 20 14 20 17 12 18 12 15 19  4  0  4  0  0  0  0  0  0    
17|    16  0  0  0  0  0  0  0  9 17 21 22 21 11 13 18 22 15 22 20 19 19 20  2  0 11  0  0  0  0  0  0    
16|     0  0  0  0  0  0  0  0 20 21 22 21 16 20 20 16 21 21 21 21 21 15 15 14  0  7  0  0  0  0  0  0    
15|     0  0  0  0  0  0  0  0 19 19 16 19 17 20 20 20 22 19 20 15 21 20 24 15  0  0  0  0  0  0  0  0    
14|     0  0  0  0  0  0  0  0 19 16 20 16 13 20 18 20 16 22 20 21 22 22 22  3  0  0  0  0  0  0  0  0    
13|     0  0  0  0  0  0  0  0 15 17 22 14 14 13 18 20 18 22 12 18 21 21 21 21  0  0  0  0  0  0  0  0    
12|     0  0  0  0  0  0  0  0 19 17 12 19 22 13 14 20 19 17 16 21 18  9 15  0  0  0  0  0  0  0  0  0    
11|     0  0  0  0  0  0  0  0 18 18 12 23 23 21 15 15 18 14 18 20 20  9  9  9  0  0  0  0  0  0  0  0    
10|     0  0  0  0  0  0  0  0  8 20 14 17 13 23 18 17 22 18 21 14  4 16 14  9  0  0  0  0  0  0  0  0    
 9|     0  0  0  0  0  0  0  0  9  0 16 12 23 18 24 25 18 18 21 16 20 20 14  0  0  0  0  0  0  0  0  0    
 8|     0  0  0  0  0  0  0  0  0  0  4 13 14 23 12 10 19 14 20  0  0  0 24  0  0  0  0  0  0  0  0  0    
 7|     0  0  0  0  0  0  0  0  0  0  0  2  3  0  0  0  0  0  0  0  0  0 24  0  0  0  0  0  0  0  0  0    
 6|     0  0  0  0  0  0  0  0  0  0  0  0  0  0  0  0  0  0  0  0  0  0  0  0  0  0  0  0  0  0  0  0    
 5|     0  0  0  0  0  0  0  0  0  0  0  0  0  0  0  0  0  0  0  0  0  0  0  0  0  0  0  0  0  0  0  0    
 4|     0  0  0  0  0  0  0  0  0  0  0  0  0  0  0  0  0  0  0  0  0  0  0  0  0  0  0  0  0  0  0  0    
 3|     0  0  0  0  0  0  0  0  0  0  0  0  0  0  0  0  0  0  0  0  0  0  0  0  0  0  0  0  0  0  0  0    
 2|     0  0  0  0  0  0  0  0  0  0  0  0  0  0  0  0  0  0  0  0  0  0  0  0  0  0  0  0  0  0  0  0    
 1|     0  0  0  0  0  0  0  0  0  0  0  0  0  0  0  0  0  0  0  0  0  0  0  0  0  0  0  0  0  0  0  0    
 0|                                                                                                       

Maximum number of input nets per logic tile: 25
Average number of input nets per logic tile: 16.01

Number of input pins per logic tile
     .  .  .  .  +  .  .  .  .  1  .  .  .  .  +  .  .  .  .  2  .  .  .  .  +  .  .  .  .  3  .  .  .  . 
   ------------------------------------------------------------------------------------------------------
33|                                                                                                       
32|     0  0  0  0  0  0  0  0  0  0  0  0  0  0  0  0  0  0  0  0  0  0  0  0  0  0  0  0  0  0  0  0    
31|     0  0  0  0  0  0  0  0  0  0  0  0  0  0  0  0  0  0  0  0  0  0  0  0  0  0  0  0  0  0  0  0    
30|     0  0  0  0  0  0  0  0  0  0  0  0  0  0  0  0  0  0  0  0  0  0  0  0  0  0  0  0  0  0  0  0    
29|     0  0  0  0  0  0  0  0  0  0  0  0  0  0  0  0  0  0  0  0  0  0  0  0  0  0  0  0  0  0  0  0    
28|     0  0  0  0  0  0  0  0  0  0  0  0  0  0  0  0  0  0  0  0  0  0  0  0  0  0  0  0  0  0  0  0    
27|     0  0  0  0  0  0  0  0  0  0  0  0  0  0  0  0  0  0  0  0  0  0  0  0  0  0  0  0  0  0  0  0    
26|     0  0  0  0  0  0  0  0  0  0  0  0  4  0  0 11  0  0  0  0  0  0  0  0  0  0  0  0  0  0  0  0    
25|     0  0  0  0  0  0  0  0 21  2  2  7  5  5  0  0  4  8 29 25  0  1  0  0  0  0  0  0  0  0  0  0    
24|     0  0  0  0  0  0  0  0  2  3 20 16 20  6 29 21 24 31 17 23 29 31 29  0  0  0  0  0  0  0  0  0    
23|     0  0  0  0  0  0  6  0 28 11 18 17 28 19 26 26 25 21 27 29 27 30 27 29  0  0  0  0  0  0  0  0    
22|     0  0  0  0  0  0  0  0 24 28 16 22 26 23 29 27 32 28 21 26 29 27 29 30  0  0  0  0  0  0  0  0    
21|     0  0  0  0  0  0  0  0 26 31 15 23 30 30 23 26 29 27 24 17 24 29 30 28  0  0  0  0  0  0  0  0    
20|     1  0  2  0  4  0  4  0 24  8 31 28 29 26 27 30 23 31 28 26 30 31 30 24  0  0  0  0  0  0  0  0    
19|    16  0  0  0  0  0  2  0 25 24 30 28 31 27 23 25 26 30 22 26 28 25 31 25  0 26  0  0  0  0  0  0    
18|    16  0  0  0  0  0  4  0  4 31 28 26 30 30 22 24 22 21 28 29 25 27 24  4  0  4  0  0  0  0  0  0    
17|    16  0  0  0  0  0  0  0 15 27 26 26 23 25 32 24 25 31 31 23 29 21 26  2  0 14  0  0  0  0  0  0    
16|     0  0  0  0  0  0  0  0 24 24 27 25 24 29 23 21 24 28 22 23 24 24 16 29  0  7  0  0  0  0  0  0    
15|     0  0  0  0  0  0  0  0 25 22 20 22 24 23 23 21 28 29 25 25 24 24 24 32  0  0  0  0  0  0  0  0    
14|     0  0  0  0  0  0  0  0 30 26 23 20 17 21 28 21 23 23 25 24 30 27 23  3  0  0  0  0  0  0  0  0    
13|     0  0  0  0  0  0  0  0 16 27 24 22 28 24 28 21 25 26 19 29 24 24 21 30  0  0  0  0  0  0  0  0    
12|     0  0  0  0  0  0  0  0 19 31 25 21 22 21 27 21 27 24 18 24 22  9 28  0  0  0  0  0  0  0  0  0    
11|     0  0  0  0  0  0  0  0 20 22 20 23 23 21 21 26 24 21 24 27 26  9  9  9  0  0  0  0  0  0  0  0    
10|     0  0  0  0  0  0  0  0  8 23 21 25 20 24 18 17 22 19 21 14  4 30 24  9  0  0  0  0  0  0  0  0    
 9|     0  0  0  0  0  0  0  0 15  0 21 22 23 20 24 25 19 23 21 28 30 24 16  0  0  0  0  0  0  0  0  0    
 8|     0  0  0  0  0  0  0  0  0  0  4 15 21 23 15 16 21 24 26  0  0  0 24  0  0  0  0  0  0  0  0  0    
 7|     0  0  0  0  0  0  0  0  0  0  0  2  3  0  0  0  0  0  0  0  0  0 24  0  0  0  0  0  0  0  0  0    
 6|     0  0  0  0  0  0  0  0  0  0  0  0  0  0  0  0  0  0  0  0  0  0  0  0  0  0  0  0  0  0  0  0    
 5|     0  0  0  0  0  0  0  0  0  0  0  0  0  0  0  0  0  0  0  0  0  0  0  0  0  0  0  0  0  0  0  0    
 4|     0  0  0  0  0  0  0  0  0  0  0  0  0  0  0  0  0  0  0  0  0  0  0  0  0  0  0  0  0  0  0  0    
 3|     0  0  0  0  0  0  0  0  0  0  0  0  0  0  0  0  0  0  0  0  0  0  0  0  0  0  0  0  0  0  0  0    
 2|     0  0  0  0  0  0  0  0  0  0  0  0  0  0  0  0  0  0  0  0  0  0  0  0  0  0  0  0  0  0  0  0    
 1|     0  0  0  0  0  0  0  0  0  0  0  0  0  0  0  0  0  0  0  0  0  0  0  0  0  0  0  0  0  0  0  0    
 0|                                                                                                       

Maximum number of input pins per logic tile: 32
Average number of input pins per logic tile: 21.91

***** Run Time Info *****
Run Time:  2
